2022-03-29 02:59:30 INFO  OdontologoDaoH2:25 - Se crea una conexion a la base de datos en el metodo Guardar
  2022-03-29 03:00:56 INFO  OdontologoDaoH2:25 - Se crea una conexion a la base de datos en el metodo Guardar
  2022-03-29 03:00:56 INFO  OdontologoDaoH2:37 - El odontologo con el id 1 fue guardado en la base de datos
  2022-03-29 03:00:56 INFO  OdontologoDaoH2:38 - Se cierra la conexion a la base de datos en el metodo Guardar
  2022-03-29 03:03:15 INFO  OdontologoDaoH2:25 - Se crea una conexion a la base de datos en el metodo Guardar
  2022-03-29 03:03:15 INFO  OdontologoDaoH2:37 - El odontologo con el id 1 fue guardado en la base de datos
  2022-03-29 03:03:15 INFO  OdontologoDaoH2:38 - Se cierra la conexion a la base de datos en el metodo Guardar
  2022-03-29 03:03:15 INFO  PacienteDaoH2:33 - Se crea una conexion a la base de datos en el metodo Guardar
  2022-03-29 03:03:15 INFO  DomicilioDaoH2:28 - Se crea una conexion a la base de datos en el metodo Guardar
  2022-03-29 03:03:15 INFO  DomicilioDaoH2:41 - El domicilio con el id 1 fue guardado en la base de datos
  2022-03-29 03:03:15 INFO  DomicilioDaoH2:42 - Se cierra la conexion a la base de datos en el metodo Guardar
  2022-03-29 03:03:15 INFO  PacienteDaoH2:56 - El paciente con el id 1 fue guardado en la base de datos
  2022-03-29 03:03:15 INFO  PacienteDaoH2:57 - Se cierra la conexion a la base de datos en el metodo Guardar
  2022-03-29 03:07:07 INFO  OdontologoDaoH2:25 - Se crea una conexion a la base de datos en el metodo Guardar
  2022-03-29 03:07:07 INFO  OdontologoDaoH2:37 - El odontologo con el id 1 fue guardado en la base de datos
  2022-03-29 03:07:07 INFO  OdontologoDaoH2:38 - Se cierra la conexion a la base de datos en el metodo Guardar
  2022-03-29 03:07:07 INFO  PacienteDaoH2:33 - Se crea una conexion a la base de datos en el metodo Guardar
  2022-03-29 03:07:07 INFO  DomicilioDaoH2:28 - Se crea una conexion a la base de datos en el metodo Guardar
  2022-03-29 03:07:07 INFO  DomicilioDaoH2:41 - El domicilio con el id 1 fue guardado en la base de datos
  2022-03-29 03:07:07 INFO  DomicilioDaoH2:42 - Se cierra la conexion a la base de datos en el metodo Guardar
  2022-03-29 03:07:07 INFO  PacienteDaoH2:56 - El paciente con el id 1 fue guardado en la base de datos
  2022-03-29 03:07:07 INFO  PacienteDaoH2:57 - Se cierra la conexion a la base de datos en el metodo Guardar
  2022-03-29 03:07:07 INFO  PacienteDaoH2:128 - Se crea una conexion a la base de datos en el metodo Buscar
  2022-03-29 03:07:07 INFO  DomicilioDaoH2:90 - Se crea una conexion a la base de datos en el metodo Buscar
  2022-03-29 03:07:07 INFO  DomicilioDaoH2:106 - El domicilio con el id 1 fue buscado en la base de datos en el metodo Buscar
  2022-03-29 03:07:07 INFO  DomicilioDaoH2:107 - Se cierra la conexion a la base de datos
  2022-03-29 03:07:07 INFO  PacienteDaoH2:149 - El paciente con el id 1 fue buscado en la base de datos en el metodo Buscar
  2022-03-29 03:07:07 INFO  PacienteDaoH2:150 - Se cierra la conexion a la base de datos
  2022-03-29 03:07:07 INFO  DomicilioDaoH2:63 - Se crea una conexion a la base de datos en el metodo Eliminar
  2022-03-29 03:07:07 INFO  DomicilioDaoH2:69 - El domicilio con el id 1 fue eliminado en la base de datos
  2022-03-29 03:07:07 INFO  DomicilioDaoH2:70 - Se cierra la conexion a la base de datos en el metodo Eliminar
  2022-03-29 03:07:07 INFO  PacienteDaoH2:95 - Se crea una conexion a la base de datos en el metodo Eliminar
  2022-03-29 03:07:07 INFO  PacienteDaoH2:101 - El paciente con el id 1 fue eliminado en la base de datos
  2022-03-29 03:07:07 INFO  PacienteDaoH2:102 - Se cierra la conexion a la base de datos en el metodo Eliminar
  2022-03-29 03:11:15 INFO  OdontologoDaoH2:25 - Se crea una conexion a la base de datos en el metodo Guardar
  2022-03-29 03:11:15 INFO  PacienteDaoH2:33 - Se crea una conexion a la base de datos en el metodo Guardar
  2022-03-29 03:11:15 INFO  DomicilioDaoH2:28 - Se crea una conexion a la base de datos en el metodo Guardar
  2022-03-29 03:13:21 INFO  OdontologoDaoH2:25 - Se crea una conexion a la base de datos en el metodo Guardar
  2022-03-29 03:13:21 INFO  OdontologoDaoH2:37 - El odontologo con el id 1 fue guardado en la base de datos
  2022-03-29 03:13:21 INFO  OdontologoDaoH2:38 - Se cierra la conexion a la base de datos en el metodo Guardar
  2022-03-29 03:13:21 INFO  PacienteDaoH2:33 - Se crea una conexion a la base de datos en el metodo Guardar
  2022-03-29 03:13:21 INFO  DomicilioDaoH2:28 - Se crea una conexion a la base de datos en el metodo Guardar
  2022-03-29 03:13:21 INFO  DomicilioDaoH2:41 - El domicilio con el id 1 fue guardado en la base de datos
  2022-03-29 03:13:21 INFO  DomicilioDaoH2:42 - Se cierra la conexion a la base de datos en el metodo Guardar
  2022-03-29 03:13:21 INFO  PacienteDaoH2:56 - El paciente con el id 1 fue guardado en la base de datos
  2022-03-29 03:13:21 INFO  PacienteDaoH2:57 - Se cierra la conexion a la base de datos en el metodo Guardar
  2022-03-29 03:13:44 INFO  OdontologoDaoH2:25 - Se crea una conexion a la base de datos en el metodo Guardar
  2022-03-29 03:13:44 INFO  OdontologoDaoH2:37 - El odontologo con el id 2 fue guardado en la base de datos
  2022-03-29 03:13:44 INFO  OdontologoDaoH2:38 - Se cierra la conexion a la base de datos en el metodo Guardar
  2022-03-29 03:13:44 INFO  PacienteDaoH2:33 - Se crea una conexion a la base de datos en el metodo Guardar
  2022-03-29 03:13:44 INFO  DomicilioDaoH2:28 - Se crea una conexion a la base de datos en el metodo Guardar
  2022-03-29 03:13:44 INFO  DomicilioDaoH2:41 - El domicilio con el id 2 fue guardado en la base de datos
  2022-03-29 03:13:44 INFO  DomicilioDaoH2:42 - Se cierra la conexion a la base de datos en el metodo Guardar
  2022-03-29 03:13:44 INFO  PacienteDaoH2:56 - El paciente con el id 2 fue guardado en la base de datos
  2022-03-29 03:13:44 INFO  PacienteDaoH2:57 - Se cierra la conexion a la base de datos en el metodo Guardar
  2022-03-29 03:14:51 INFO  OdontologoDaoH2:25 - Se crea una conexion a la base de datos en el metodo Guardar
  2022-03-29 03:14:51 INFO  OdontologoDaoH2:37 - El odontologo con el id 1 fue guardado en la base de datos
  2022-03-29 03:14:51 INFO  OdontologoDaoH2:38 - Se cierra la conexion a la base de datos en el metodo Guardar
  2022-03-29 03:14:51 INFO  PacienteDaoH2:33 - Se crea una conexion a la base de datos en el metodo Guardar
  2022-03-29 03:14:51 INFO  DomicilioDaoH2:28 - Se crea una conexion a la base de datos en el metodo Guardar
  2022-03-29 03:14:51 INFO  DomicilioDaoH2:41 - El domicilio con el id 1 fue guardado en la base de datos
  2022-03-29 03:14:51 INFO  DomicilioDaoH2:42 - Se cierra la conexion a la base de datos en el metodo Guardar
  2022-03-29 03:14:51 INFO  PacienteDaoH2:56 - El paciente con el id 1 fue guardado en la base de datos
  2022-03-29 03:14:51 INFO  PacienteDaoH2:57 - Se cierra la conexion a la base de datos en el metodo Guardar
  2022-03-29 03:16:25 INFO  OdontologoDaoH2:25 - Se crea una conexion a la base de datos en el metodo Guardar
  2022-03-29 03:16:25 INFO  OdontologoDaoH2:37 - El odontologo con el id 1 fue guardado en la base de datos
  2022-03-29 03:16:25 INFO  OdontologoDaoH2:38 - Se cierra la conexion a la base de datos en el metodo Guardar
  2022-03-29 03:16:25 INFO  PacienteDaoH2:33 - Se crea una conexion a la base de datos en el metodo Guardar
  2022-03-29 03:16:25 INFO  DomicilioDaoH2:28 - Se crea una conexion a la base de datos en el metodo Guardar
  2022-03-29 03:16:25 INFO  DomicilioDaoH2:41 - El domicilio con el id 1 fue guardado en la base de datos
  2022-03-29 03:16:25 INFO  DomicilioDaoH2:42 - Se cierra la conexion a la base de datos en el metodo Guardar
  2022-03-29 03:16:25 INFO  PacienteDaoH2:56 - El paciente con el id 1 fue guardado en la base de datos
  2022-03-29 03:16:25 INFO  PacienteDaoH2:57 - Se cierra la conexion a la base de datos en el metodo Guardar
  2022-03-29 03:16:25 INFO  PacienteDaoH2:128 - Se crea una conexion a la base de datos en el metodo Buscar
  2022-03-29 03:16:25 INFO  PacienteDaoH2:149 - El paciente con el id 1 fue buscado en la base de datos en el metodo Buscar
  2022-03-29 03:16:25 INFO  PacienteDaoH2:150 - Se cierra la conexion a la base de datos
  2022-03-29 03:19:06 INFO  OdontologoDaoH2:25 - Se crea una conexion a la base de datos en el metodo Guardar
  2022-03-29 03:19:06 INFO  OdontologoDaoH2:37 - El odontologo con el id 1 fue guardado en la base de datos
  2022-03-29 03:19:06 INFO  OdontologoDaoH2:38 - Se cierra la conexion a la base de datos en el metodo Guardar
  2022-03-29 03:19:06 INFO  PacienteDaoH2:33 - Se crea una conexion a la base de datos en el metodo Guardar
  2022-03-29 03:19:06 INFO  DomicilioDaoH2:28 - Se crea una conexion a la base de datos en el metodo Guardar
  2022-03-29 03:19:06 INFO  DomicilioDaoH2:41 - El domicilio con el id 1 fue guardado en la base de datos
  2022-03-29 03:19:06 INFO  DomicilioDaoH2:42 - Se cierra la conexion a la base de datos en el metodo Guardar
  2022-03-29 03:19:06 INFO  PacienteDaoH2:56 - El paciente con el id 1 fue guardado en la base de datos
  2022-03-29 03:19:06 INFO  PacienteDaoH2:57 - Se cierra la conexion a la base de datos en el metodo Guardar
  2022-03-29 03:19:06 INFO  PacienteDaoH2:128 - Se crea una conexion a la base de datos en el metodo Buscar
  2022-03-29 03:19:06 INFO  PacienteDaoH2:149 - El paciente con el id 1 fue buscado en la base de datos en el metodo Buscar
  2022-03-29 03:19:06 INFO  PacienteDaoH2:150 - Se cierra la conexion a la base de datos
  2022-03-29 03:19:28 INFO  OdontologoDaoH2:25 - Se crea una conexion a la base de datos en el metodo Guardar
  2022-03-29 03:19:28 INFO  OdontologoDaoH2:37 - El odontologo con el id 1 fue guardado en la base de datos
  2022-03-29 03:19:28 INFO  OdontologoDaoH2:38 - Se cierra la conexion a la base de datos en el metodo Guardar
  2022-03-29 03:19:28 INFO  PacienteDaoH2:33 - Se crea una conexion a la base de datos en el metodo Guardar
  2022-03-29 03:19:28 INFO  DomicilioDaoH2:28 - Se crea una conexion a la base de datos en el metodo Guardar
  2022-03-29 03:19:28 INFO  DomicilioDaoH2:41 - El domicilio con el id 1 fue guardado en la base de datos
  2022-03-29 03:19:28 INFO  DomicilioDaoH2:42 - Se cierra la conexion a la base de datos en el metodo Guardar
  2022-03-29 03:19:28 INFO  PacienteDaoH2:56 - El paciente con el id 1 fue guardado en la base de datos
  2022-03-29 03:19:28 INFO  PacienteDaoH2:57 - Se cierra la conexion a la base de datos en el metodo Guardar
  2022-03-29 03:19:28 INFO  PacienteDaoH2:128 - Se crea una conexion a la base de datos en el metodo Buscar
  2022-03-29 03:19:28 INFO  PacienteDaoH2:149 - El paciente con el id 1 fue buscado en la base de datos en el metodo Buscar
  2022-03-29 03:19:28 INFO  PacienteDaoH2:150 - Se cierra la conexion a la base de datos
  2022-03-29 03:22:11 INFO  OdontologoDaoH2:25 - Se crea una conexion a la base de datos en el metodo Guardar
  2022-03-29 03:22:11 INFO  OdontologoDaoH2:37 - El odontologo con el id 1 fue guardado en la base de datos
  2022-03-29 03:22:11 INFO  OdontologoDaoH2:38 - Se cierra la conexion a la base de datos en el metodo Guardar
  2022-03-29 03:22:11 INFO  PacienteDaoH2:33 - Se crea una conexion a la base de datos en el metodo Guardar
  2022-03-29 03:22:11 INFO  DomicilioDaoH2:28 - Se crea una conexion a la base de datos en el metodo Guardar
  2022-03-29 03:22:11 INFO  DomicilioDaoH2:41 - El domicilio con el id 1 fue guardado en la base de datos
  2022-03-29 03:22:11 INFO  DomicilioDaoH2:42 - Se cierra la conexion a la base de datos en el metodo Guardar
  2022-03-29 03:22:11 INFO  PacienteDaoH2:56 - El paciente con el id 1 fue guardado en la base de datos
  2022-03-29 03:22:11 INFO  PacienteDaoH2:57 - Se cierra la conexion a la base de datos en el metodo Guardar
  2022-03-29 03:22:11 INFO  PacienteDaoH2:123 - Se crea una conexion a la base de datos en el metodo Buscar
  2022-03-29 03:22:11 INFO  PacienteDaoH2:142 - El paciente con el id 1 fue buscado en la base de datos en el metodo Buscar
  2022-03-29 03:22:11 INFO  PacienteDaoH2:143 - Se cierra la conexion a la base de datos
  2022-03-29 03:23:06 INFO  OdontologoDaoH2:25 - Se crea una conexion a la base de datos en el metodo Guardar
  2022-03-29 03:23:06 INFO  OdontologoDaoH2:37 - El odontologo con el id 1 fue guardado en la base de datos
  2022-03-29 03:23:06 INFO  OdontologoDaoH2:38 - Se cierra la conexion a la base de datos en el metodo Guardar
  2022-03-29 03:23:06 INFO  PacienteDaoH2:33 - Se crea una conexion a la base de datos en el metodo Guardar
  2022-03-29 03:23:06 INFO  DomicilioDaoH2:28 - Se crea una conexion a la base de datos en el metodo Guardar
  2022-03-29 03:23:06 INFO  DomicilioDaoH2:41 - El domicilio con el id 1 fue guardado en la base de datos
  2022-03-29 03:23:06 INFO  DomicilioDaoH2:42 - Se cierra la conexion a la base de datos en el metodo Guardar
  2022-03-29 03:23:06 INFO  PacienteDaoH2:56 - El paciente con el id 1 fue guardado en la base de datos
  2022-03-29 03:23:06 INFO  PacienteDaoH2:57 - Se cierra la conexion a la base de datos en el metodo Guardar
  2022-03-29 03:23:59 INFO  OdontologoDaoH2:25 - Se crea una conexion a la base de datos en el metodo Guardar
  2022-03-29 03:23:59 INFO  OdontologoDaoH2:37 - El odontologo con el id 1 fue guardado en la base de datos
  2022-03-29 03:23:59 INFO  OdontologoDaoH2:38 - Se cierra la conexion a la base de datos en el metodo Guardar
  2022-03-29 03:23:59 INFO  PacienteDaoH2:33 - Se crea una conexion a la base de datos en el metodo Guardar
  2022-03-29 03:23:59 INFO  DomicilioDaoH2:28 - Se crea una conexion a la base de datos en el metodo Guardar
  2022-03-29 03:23:59 INFO  DomicilioDaoH2:41 - El domicilio con el id 2 fue guardado en la base de datos
  2022-03-29 03:23:59 INFO  DomicilioDaoH2:42 - Se cierra la conexion a la base de datos en el metodo Guardar
  2022-03-29 03:23:59 INFO  PacienteDaoH2:56 - El paciente con el id 2 fue guardado en la base de datos
  2022-03-29 03:23:59 INFO  PacienteDaoH2:57 - Se cierra la conexion a la base de datos en el metodo Guardar
  2022-03-29 03:24:54 INFO  OdontologoDaoH2:25 - Se crea una conexion a la base de datos en el metodo Guardar
  2022-03-29 03:24:54 INFO  OdontologoDaoH2:37 - El odontologo con el id 2 fue guardado en la base de datos
  2022-03-29 03:24:54 INFO  OdontologoDaoH2:38 - Se cierra la conexion a la base de datos en el metodo Guardar
  2022-03-29 03:24:54 INFO  PacienteDaoH2:33 - Se crea una conexion a la base de datos en el metodo Guardar
  2022-03-29 03:24:54 INFO  DomicilioDaoH2:28 - Se crea una conexion a la base de datos en el metodo Guardar
  2022-03-29 03:24:54 INFO  DomicilioDaoH2:41 - El domicilio con el id 3 fue guardado en la base de datos
  2022-03-29 03:24:54 INFO  DomicilioDaoH2:42 - Se cierra la conexion a la base de datos en el metodo Guardar
  2022-03-29 03:24:54 INFO  PacienteDaoH2:56 - El paciente con el id 3 fue guardado en la base de datos
  2022-03-29 03:24:54 INFO  PacienteDaoH2:57 - Se cierra la conexion a la base de datos en el metodo Guardar
  2022-03-29 03:25:38 INFO  OdontologoDaoH2:25 - Se crea una conexion a la base de datos en el metodo Guardar
  2022-03-29 03:25:38 INFO  OdontologoDaoH2:37 - El odontologo con el id 3 fue guardado en la base de datos
  2022-03-29 03:25:38 INFO  OdontologoDaoH2:38 - Se cierra la conexion a la base de datos en el metodo Guardar
  2022-03-29 03:25:38 INFO  PacienteDaoH2:33 - Se crea una conexion a la base de datos en el metodo Guardar
  2022-03-29 03:25:38 INFO  DomicilioDaoH2:28 - Se crea una conexion a la base de datos en el metodo Guardar
  2022-03-29 03:25:38 INFO  DomicilioDaoH2:41 - El domicilio con el id 4 fue guardado en la base de datos
  2022-03-29 03:25:38 INFO  DomicilioDaoH2:42 - Se cierra la conexion a la base de datos en el metodo Guardar
  2022-03-29 03:25:38 INFO  PacienteDaoH2:56 - El paciente con el id 4 fue guardado en la base de datos
  2022-03-29 03:25:38 INFO  PacienteDaoH2:57 - Se cierra la conexion a la base de datos en el metodo Guardar
  2022-03-29 03:25:38 INFO  PacienteDaoH2:123 - Se crea una conexion a la base de datos en el metodo Buscar
  2022-03-29 03:25:38 INFO  PacienteDaoH2:142 - El paciente con el id 1 fue buscado en la base de datos en el metodo Buscar
  2022-03-29 03:25:38 INFO  PacienteDaoH2:143 - Se cierra la conexion a la base de datos
  2022-03-29 03:26:19 INFO  OdontologoDaoH2:25 - Se crea una conexion a la base de datos en el metodo Guardar
  2022-03-29 03:26:19 INFO  OdontologoDaoH2:37 - El odontologo con el id 4 fue guardado en la base de datos
  2022-03-29 03:26:19 INFO  OdontologoDaoH2:38 - Se cierra la conexion a la base de datos en el metodo Guardar
  2022-03-29 03:26:19 INFO  PacienteDaoH2:33 - Se crea una conexion a la base de datos en el metodo Guardar
  2022-03-29 03:26:19 INFO  DomicilioDaoH2:28 - Se crea una conexion a la base de datos en el metodo Guardar
  2022-03-29 03:26:19 INFO  DomicilioDaoH2:41 - El domicilio con el id 5 fue guardado en la base de datos
  2022-03-29 03:26:19 INFO  DomicilioDaoH2:42 - Se cierra la conexion a la base de datos en el metodo Guardar
  2022-03-29 03:26:19 INFO  PacienteDaoH2:56 - El paciente con el id 5 fue guardado en la base de datos
  2022-03-29 03:26:19 INFO  PacienteDaoH2:57 - Se cierra la conexion a la base de datos en el metodo Guardar
  2022-03-29 03:26:19 INFO  PacienteDaoH2:128 - Se crea una conexion a la base de datos en el metodo Buscar
  2022-03-29 03:26:19 INFO  DomicilioDaoH2:90 - Se crea una conexion a la base de datos en el metodo Buscar
  2022-03-29 03:26:19 INFO  DomicilioDaoH2:106 - El domicilio con el id 1 fue buscado en la base de datos en el metodo Buscar
  2022-03-29 03:26:19 INFO  DomicilioDaoH2:107 - Se cierra la conexion a la base de datos
  2022-03-29 03:26:19 INFO  PacienteDaoH2:149 - El paciente con el id 1 fue buscado en la base de datos en el metodo Buscar
  2022-03-29 03:26:19 INFO  PacienteDaoH2:150 - Se cierra la conexion a la base de datos
  2022-03-29 03:26:59 INFO  OdontologoDaoH2:25 - Se crea una conexion a la base de datos en el metodo Guardar
  2022-03-29 03:26:59 INFO  OdontologoDaoH2:37 - El odontologo con el id 5 fue guardado en la base de datos
  2022-03-29 03:26:59 INFO  OdontologoDaoH2:38 - Se cierra la conexion a la base de datos en el metodo Guardar
  2022-03-29 03:26:59 INFO  PacienteDaoH2:33 - Se crea una conexion a la base de datos en el metodo Guardar
  2022-03-29 03:26:59 INFO  DomicilioDaoH2:28 - Se crea una conexion a la base de datos en el metodo Guardar
  2022-03-29 03:26:59 INFO  DomicilioDaoH2:41 - El domicilio con el id 6 fue guardado en la base de datos
  2022-03-29 03:26:59 INFO  DomicilioDaoH2:42 - Se cierra la conexion a la base de datos en el metodo Guardar
  2022-03-29 03:26:59 INFO  PacienteDaoH2:56 - El paciente con el id 6 fue guardado en la base de datos
  2022-03-29 03:26:59 INFO  PacienteDaoH2:57 - Se cierra la conexion a la base de datos en el metodo Guardar
  2022-03-29 03:26:59 INFO  PacienteDaoH2:128 - Se crea una conexion a la base de datos en el metodo Buscar
  2022-03-29 03:26:59 INFO  DomicilioDaoH2:90 - Se crea una conexion a la base de datos en el metodo Buscar
  2022-03-29 03:26:59 INFO  DomicilioDaoH2:106 - El domicilio con el id 1 fue buscado en la base de datos en el metodo Buscar
  2022-03-29 03:26:59 INFO  DomicilioDaoH2:107 - Se cierra la conexion a la base de datos
  2022-03-29 03:26:59 INFO  PacienteDaoH2:149 - El paciente con el id 1 fue buscado en la base de datos en el metodo Buscar
  2022-03-29 03:26:59 INFO  PacienteDaoH2:150 - Se cierra la conexion a la base de datos
  2022-03-29 03:28:16 INFO  OdontologoDaoH2:25 - Se crea una conexion a la base de datos en el metodo Guardar
  2022-03-29 03:28:16 INFO  OdontologoDaoH2:37 - El odontologo con el id 6 fue guardado en la base de datos
  2022-03-29 03:28:16 INFO  OdontologoDaoH2:38 - Se cierra la conexion a la base de datos en el metodo Guardar
  2022-03-29 03:28:16 INFO  PacienteDaoH2:33 - Se crea una conexion a la base de datos en el metodo Guardar
  2022-03-29 03:28:16 INFO  DomicilioDaoH2:28 - Se crea una conexion a la base de datos en el metodo Guardar
  2022-03-29 03:28:16 INFO  DomicilioDaoH2:41 - El domicilio con el id 7 fue guardado en la base de datos
  2022-03-29 03:28:16 INFO  DomicilioDaoH2:42 - Se cierra la conexion a la base de datos en el metodo Guardar
  2022-03-29 03:28:16 INFO  PacienteDaoH2:56 - El paciente con el id 7 fue guardado en la base de datos
  2022-03-29 03:28:16 INFO  PacienteDaoH2:57 - Se cierra la conexion a la base de datos en el metodo Guardar
  2022-03-29 03:28:16 INFO  PacienteDaoH2:128 - Se crea una conexion a la base de datos en el metodo Buscar
  2022-03-29 03:28:16 INFO  DomicilioDaoH2:90 - Se crea una conexion a la base de datos en el metodo Buscar
  2022-03-29 03:28:16 INFO  DomicilioDaoH2:106 - El domicilio con el id 1 fue buscado en la base de datos en el metodo Buscar
  2022-03-29 03:28:16 INFO  DomicilioDaoH2:107 - Se cierra la conexion a la base de datos
  2022-03-29 03:28:16 INFO  PacienteDaoH2:149 - El paciente con el id 1 fue buscado en la base de datos en el metodo Buscar
  2022-03-29 03:28:16 INFO  PacienteDaoH2:150 - Se cierra la conexion a la base de datos
  2022-03-29 03:40:35 INFO  OdontologoDaoH2:25 - Se crea una conexion a la base de datos en el metodo Guardar
  2022-03-29 03:40:35 INFO  OdontologoDaoH2:37 - El odontologo con el id 7 fue guardado en la base de datos
  2022-03-29 03:40:35 INFO  OdontologoDaoH2:38 - Se cierra la conexion a la base de datos en el metodo Guardar
  2022-03-29 03:40:35 INFO  PacienteDaoH2:33 - Se crea una conexion a la base de datos en el metodo Guardar
  2022-03-29 03:40:35 INFO  DomicilioDaoH2:28 - Se crea una conexion a la base de datos en el metodo Guardar
  2022-03-29 03:40:35 INFO  DomicilioDaoH2:41 - El domicilio con el id 8 fue guardado en la base de datos
  2022-03-29 03:40:35 INFO  DomicilioDaoH2:42 - Se cierra la conexion a la base de datos en el metodo Guardar
  2022-03-29 03:40:35 INFO  PacienteDaoH2:56 - El paciente con el id 8 fue guardado en la base de datos
  2022-03-29 03:40:35 INFO  PacienteDaoH2:57 - Se cierra la conexion a la base de datos en el metodo Guardar
  2022-03-29 03:40:35 INFO  TurnoDaoH2:32 - Se crea una conexion a la base de datos en el metodo Guardar
  2022-03-29 03:43:35 INFO  OdontologoDaoH2:25 - Se crea una conexion a la base de datos en el metodo Guardar
  2022-03-29 03:43:35 INFO  OdontologoDaoH2:37 - El odontologo con el id 8 fue guardado en la base de datos
  2022-03-29 03:43:35 INFO  OdontologoDaoH2:38 - Se cierra la conexion a la base de datos en el metodo Guardar
  2022-03-29 03:43:35 INFO  PacienteDaoH2:33 - Se crea una conexion a la base de datos en el metodo Guardar
  2022-03-29 03:43:35 INFO  DomicilioDaoH2:28 - Se crea una conexion a la base de datos en el metodo Guardar
  2022-03-29 03:43:35 INFO  DomicilioDaoH2:41 - El domicilio con el id 9 fue guardado en la base de datos
  2022-03-29 03:43:35 INFO  DomicilioDaoH2:42 - Se cierra la conexion a la base de datos en el metodo Guardar
  2022-03-29 03:43:35 INFO  PacienteDaoH2:56 - El paciente con el id 9 fue guardado en la base de datos
  2022-03-29 03:43:35 INFO  PacienteDaoH2:57 - Se cierra la conexion a la base de datos en el metodo Guardar
  2022-03-29 03:43:35 INFO  TurnoDaoH2:32 - Se crea una conexion a la base de datos en el metodo Guardar
  2022-03-29 03:43:35 INFO  TurnoDaoH2:44 - El turno con el id 1 fue guardado en la base de datos
  2022-03-29 03:43:35 INFO  TurnoDaoH2:45 - Se cierra la conexion a la base de datos en el metodo Guardar
  2022-03-29 03:45:21 INFO  OdontologoDaoH2:25 - Se crea una conexion a la base de datos en el metodo Guardar
  2022-03-29 03:45:21 INFO  OdontologoDaoH2:37 - El odontologo con el id 9 fue guardado en la base de datos
  2022-03-29 03:45:21 INFO  OdontologoDaoH2:38 - Se cierra la conexion a la base de datos en el metodo Guardar
  2022-03-29 03:45:21 INFO  PacienteDaoH2:33 - Se crea una conexion a la base de datos en el metodo Guardar
  2022-03-29 03:45:21 INFO  DomicilioDaoH2:28 - Se crea una conexion a la base de datos en el metodo Guardar
  2022-03-29 03:45:21 INFO  DomicilioDaoH2:41 - El domicilio con el id 10 fue guardado en la base de datos
  2022-03-29 03:45:21 INFO  DomicilioDaoH2:42 - Se cierra la conexion a la base de datos en el metodo Guardar
  2022-03-29 03:45:21 INFO  PacienteDaoH2:56 - El paciente con el id 10 fue guardado en la base de datos
  2022-03-29 03:45:21 INFO  PacienteDaoH2:57 - Se cierra la conexion a la base de datos en el metodo Guardar
  2022-03-29 03:45:21 INFO  TurnoDaoH2:32 - Se crea una conexion a la base de datos en el metodo Guardar
  2022-03-29 03:45:21 INFO  TurnoDaoH2:44 - El turno con el id 2 fue guardado en la base de datos
  2022-03-29 03:45:21 INFO  TurnoDaoH2:45 - Se cierra la conexion a la base de datos en el metodo Guardar
  2022-03-29 03:45:21 INFO  TurnoDaoH2:94 - Se crea una conexion a la base de datos en el metodo Buscar
  2022-03-29 03:45:21 INFO  TurnoDaoH2:110 - El Turno con el id 1 fue buscado en la base de datos en el metodo Buscar
  2022-03-29 03:45:21 INFO  TurnoDaoH2:111 - Se cierra la conexion a la base de datos
  2022-03-29 03:45:55 INFO  OdontologoDaoH2:25 - Se crea una conexion a la base de datos en el metodo Guardar
  2022-03-29 03:45:55 INFO  OdontologoDaoH2:37 - El odontologo con el id 10 fue guardado en la base de datos
  2022-03-29 03:45:55 INFO  OdontologoDaoH2:38 - Se cierra la conexion a la base de datos en el metodo Guardar
  2022-03-29 03:45:55 INFO  PacienteDaoH2:33 - Se crea una conexion a la base de datos en el metodo Guardar
  2022-03-29 03:45:55 INFO  DomicilioDaoH2:28 - Se crea una conexion a la base de datos en el metodo Guardar
  2022-03-29 03:45:55 INFO  DomicilioDaoH2:41 - El domicilio con el id 11 fue guardado en la base de datos
  2022-03-29 03:45:55 INFO  DomicilioDaoH2:42 - Se cierra la conexion a la base de datos en el metodo Guardar
  2022-03-29 03:45:55 INFO  PacienteDaoH2:56 - El paciente con el id 11 fue guardado en la base de datos
  2022-03-29 03:45:55 INFO  PacienteDaoH2:57 - Se cierra la conexion a la base de datos en el metodo Guardar
  2022-03-29 03:45:55 INFO  TurnoDaoH2:32 - Se crea una conexion a la base de datos en el metodo Guardar
  2022-03-29 03:45:55 INFO  TurnoDaoH2:44 - El turno con el id 3 fue guardado en la base de datos
  2022-03-29 03:45:55 INFO  TurnoDaoH2:45 - Se cierra la conexion a la base de datos en el metodo Guardar
  2022-03-29 03:45:55 INFO  TurnoDaoH2:94 - Se crea una conexion a la base de datos en el metodo Buscar
  2022-03-29 03:45:55 INFO  TurnoDaoH2:110 - El Turno con el id 1 fue buscado en la base de datos en el metodo Buscar
  2022-03-29 03:45:55 INFO  TurnoDaoH2:111 - Se cierra la conexion a la base de datos
  2022-03-29 04:03:59 INFO  OdontologoDaoH2:25 - Se crea una conexion a la base de datos en el metodo Guardar
  2022-03-29 04:03:59 INFO  OdontologoDaoH2:37 - El odontologo con el id 1 fue guardado en la base de datos
  2022-03-29 04:03:59 INFO  OdontologoDaoH2:38 - Se cierra la conexion a la base de datos en el metodo Guardar
  2022-03-29 04:03:59 INFO  PacienteDaoH2:33 - Se crea una conexion a la base de datos en el metodo Guardar
  2022-03-29 04:03:59 INFO  DomicilioDaoH2:28 - Se crea una conexion a la base de datos en el metodo Guardar
  2022-03-29 04:03:59 INFO  DomicilioDaoH2:41 - El domicilio con el id 1 fue guardado en la base de datos
  2022-03-29 04:03:59 INFO  DomicilioDaoH2:42 - Se cierra la conexion a la base de datos en el metodo Guardar
  2022-03-29 04:03:59 INFO  PacienteDaoH2:54 - El paciente con el id 1 fue guardado en la base de datos
  2022-03-29 04:03:59 INFO  PacienteDaoH2:55 - Se cierra la conexion a la base de datos en el metodo Guardar
  2022-03-29 04:03:59 INFO  TurnoDaoH2:32 - Se crea una conexion a la base de datos en el metodo Guardar
  2022-03-29 04:03:59 INFO  TurnoDaoH2:44 - El turno con el id 1 fue guardado en la base de datos
  2022-03-29 04:03:59 INFO  TurnoDaoH2:45 - Se cierra la conexion a la base de datos en el metodo Guardar
  2022-03-29 04:03:59 INFO  TurnoDaoH2:94 - Se crea una conexion a la base de datos en el metodo Buscar
  2022-03-29 04:03:59 INFO  TurnoDaoH2:110 - El Turno con el id 1 fue buscado en la base de datos en el metodo Buscar
  2022-03-29 04:03:59 INFO  TurnoDaoH2:111 - Se cierra la conexion a la base de datos
  2022-03-29 04:04:23 INFO  OdontologoDaoH2:25 - Se crea una conexion a la base de datos en el metodo Guardar
  2022-03-29 04:04:23 INFO  OdontologoDaoH2:37 - El odontologo con el id 2 fue guardado en la base de datos
  2022-03-29 04:04:23 INFO  OdontologoDaoH2:38 - Se cierra la conexion a la base de datos en el metodo Guardar
  2022-03-29 04:04:23 INFO  PacienteDaoH2:33 - Se crea una conexion a la base de datos en el metodo Guardar
  2022-03-29 04:04:23 INFO  DomicilioDaoH2:28 - Se crea una conexion a la base de datos en el metodo Guardar
  2022-03-29 04:04:23 INFO  DomicilioDaoH2:41 - El domicilio con el id 2 fue guardado en la base de datos
  2022-03-29 04:04:23 INFO  DomicilioDaoH2:42 - Se cierra la conexion a la base de datos en el metodo Guardar
  2022-03-29 04:04:23 INFO  PacienteDaoH2:54 - El paciente con el id 2 fue guardado en la base de datos
  2022-03-29 04:04:23 INFO  PacienteDaoH2:55 - Se cierra la conexion a la base de datos en el metodo Guardar
  2022-03-29 04:04:23 INFO  TurnoDaoH2:32 - Se crea una conexion a la base de datos en el metodo Guardar
  2022-03-29 04:04:23 INFO  TurnoDaoH2:44 - El turno con el id 2 fue guardado en la base de datos
  2022-03-29 04:04:23 INFO  TurnoDaoH2:45 - Se cierra la conexion a la base de datos en el metodo Guardar
  2022-03-29 04:04:23 INFO  TurnoDaoH2:94 - Se crea una conexion a la base de datos en el metodo Buscar
  2022-03-29 04:04:23 INFO  TurnoDaoH2:110 - El Turno con el id 1 fue buscado en la base de datos en el metodo Buscar
  2022-03-29 04:04:23 INFO  TurnoDaoH2:111 - Se cierra la conexion a la base de datos
  2022-03-29 04:05:53 INFO  OdontologoDaoH2:25 - Se crea una conexion a la base de datos en el metodo Guardar
  2022-03-29 04:05:53 INFO  OdontologoDaoH2:37 - El odontologo con el id 3 fue guardado en la base de datos
  2022-03-29 04:05:53 INFO  OdontologoDaoH2:38 - Se cierra la conexion a la base de datos en el metodo Guardar
  2022-03-29 04:05:53 INFO  PacienteDaoH2:33 - Se crea una conexion a la base de datos en el metodo Guardar
  2022-03-29 04:05:53 INFO  DomicilioDaoH2:28 - Se crea una conexion a la base de datos en el metodo Guardar
  2022-03-29 04:05:53 INFO  DomicilioDaoH2:41 - El domicilio con el id 3 fue guardado en la base de datos
  2022-03-29 04:05:53 INFO  DomicilioDaoH2:42 - Se cierra la conexion a la base de datos en el metodo Guardar
  2022-03-29 04:05:53 INFO  PacienteDaoH2:54 - El paciente con el id 3 fue guardado en la base de datos
  2022-03-29 04:05:53 INFO  PacienteDaoH2:55 - Se cierra la conexion a la base de datos en el metodo Guardar
  2022-03-29 04:05:53 INFO  TurnoDaoH2:32 - Se crea una conexion a la base de datos en el metodo Guardar
  2022-03-29 04:05:53 INFO  TurnoDaoH2:44 - El turno con el id 3 fue guardado en la base de datos
  2022-03-29 04:05:53 INFO  TurnoDaoH2:45 - Se cierra la conexion a la base de datos en el metodo Guardar
  2022-03-29 04:05:53 INFO  TurnoDaoH2:94 - Se crea una conexion a la base de datos en el metodo Buscar
  2022-03-29 04:05:53 INFO  TurnoDaoH2:110 - El Turno con el id 1 fue buscado en la base de datos en el metodo Buscar
  2022-03-29 04:05:53 INFO  TurnoDaoH2:111 - Se cierra la conexion a la base de datos
  2022-04-02 14:13:16 INFO  OdontologoDaoH2:26 - Se crea una conexion a la base de datos en el metodo Guardar
  2022-04-02 14:13:16 INFO  OdontologoDaoH2:38 - El odontologo con el id 1 fue guardado en la base de datos
  2022-04-02 14:13:16 INFO  OdontologoDaoH2:39 - Se cierra la conexion a la base de datos en el metodo Guardar
  2022-04-02 14:13:16 INFO  PacienteDaoH2:35 - Se crea una conexion a la base de datos en el metodo Guardar
  2022-04-02 14:13:16 INFO  DomicilioDaoH2:27 - Se crea una conexion a la base de datos en el metodo Guardar
  2022-04-02 14:13:16 INFO  DomicilioDaoH2:40 - El domicilio con el id 3 fue guardado en la base de datos
  2022-04-02 14:13:16 INFO  DomicilioDaoH2:41 - Se cierra la conexion a la base de datos en el metodo Guardar
  2022-04-02 14:13:16 INFO  PacienteDaoH2:56 - El paciente con el id 3 fue guardado en la base de datos
  2022-04-02 14:13:16 INFO  PacienteDaoH2:57 - Se cierra la conexion a la base de datos en el metodo Guardar
  2022-04-02 14:13:16 INFO  TurnoDaoH2:31 - Se crea una conexion a la base de datos en el metodo Guardar
  2022-04-02 14:13:16 INFO  TurnoDaoH2:43 - El turno con el id 1 fue guardado en la base de datos
  2022-04-02 14:13:16 INFO  TurnoDaoH2:44 - Se cierra la conexion a la base de datos en el metodo Guardar
  2022-04-02 14:13:16 INFO  TurnoDaoH2:93 - Se crea una conexion a la base de datos en el metodo Buscar
  2022-04-02 14:13:16 INFO  TurnoDaoH2:109 - El Turno con el id 1 fue buscado en la base de datos en el metodo Buscar
  2022-04-02 14:13:16 INFO  TurnoDaoH2:110 - Se cierra la conexion a la base de datos
  2022-04-02 14:13:28 INFO  OdontologoDaoH2:26 - Se crea una conexion a la base de datos en el metodo Guardar
  2022-04-02 14:13:28 INFO  OdontologoDaoH2:38 - El odontologo con el id 2 fue guardado en la base de datos
  2022-04-02 14:13:28 INFO  OdontologoDaoH2:39 - Se cierra la conexion a la base de datos en el metodo Guardar
  2022-04-02 14:13:28 INFO  PacienteDaoH2:35 - Se crea una conexion a la base de datos en el metodo Guardar
  2022-04-02 14:13:28 INFO  DomicilioDaoH2:27 - Se crea una conexion a la base de datos en el metodo Guardar
  2022-04-02 14:13:28 INFO  DomicilioDaoH2:40 - El domicilio con el id 4 fue guardado en la base de datos
  2022-04-02 14:13:28 INFO  DomicilioDaoH2:41 - Se cierra la conexion a la base de datos en el metodo Guardar
  2022-04-02 14:13:28 INFO  PacienteDaoH2:56 - El paciente con el id 4 fue guardado en la base de datos
  2022-04-02 14:13:28 INFO  PacienteDaoH2:57 - Se cierra la conexion a la base de datos en el metodo Guardar
  2022-04-02 14:13:28 INFO  TurnoDaoH2:31 - Se crea una conexion a la base de datos en el metodo Guardar
  2022-04-02 14:13:28 INFO  TurnoDaoH2:43 - El turno con el id 2 fue guardado en la base de datos
  2022-04-02 14:13:28 INFO  TurnoDaoH2:44 - Se cierra la conexion a la base de datos en el metodo Guardar
  2022-04-02 14:13:28 INFO  TurnoDaoH2:93 - Se crea una conexion a la base de datos en el metodo Buscar
  2022-04-02 14:13:28 INFO  TurnoDaoH2:109 - El Turno con el id 1 fue buscado en la base de datos en el metodo Buscar
  2022-04-02 14:13:28 INFO  TurnoDaoH2:110 - Se cierra la conexion a la base de datos
  2022-04-02 14:35:38 INFO  OdontologoDaoH2:26 - Se crea una conexion a la base de datos en el metodo Guardar
  2022-04-02 14:35:38 INFO  OdontologoDaoH2:38 - El odontologo con el id 1 fue guardado en la base de datos
  2022-04-02 14:35:38 INFO  OdontologoDaoH2:39 - Se cierra la conexion a la base de datos en el metodo Guardar
  2022-04-02 14:35:38 INFO  PacienteDaoH2:35 - Se crea una conexion a la base de datos en el metodo Guardar
  2022-04-02 14:35:38 INFO  DomicilioDaoH2:27 - Se crea una conexion a la base de datos en el metodo Guardar
  2022-04-02 14:35:38 INFO  DomicilioDaoH2:40 - El domicilio con el id 1 fue guardado en la base de datos
  2022-04-02 14:35:38 INFO  DomicilioDaoH2:41 - Se cierra la conexion a la base de datos en el metodo Guardar
  2022-04-02 14:35:38 INFO  PacienteDaoH2:56 - El paciente con el id 1 fue guardado en la base de datos
  2022-04-02 14:35:38 INFO  PacienteDaoH2:57 - Se cierra la conexion a la base de datos en el metodo Guardar
  2022-04-02 14:35:38 INFO  TurnoDaoH2:31 - Se crea una conexion a la base de datos en el metodo Guardar
  2022-04-02 14:35:38 INFO  TurnoDaoH2:43 - El turno con el id 1 fue guardado en la base de datos
  2022-04-02 14:35:38 INFO  TurnoDaoH2:44 - Se cierra la conexion a la base de datos en el metodo Guardar
  2022-04-02 14:35:38 INFO  TurnoDaoH2:93 - Se crea una conexion a la base de datos en el metodo Buscar
  2022-04-02 14:35:38 INFO  TurnoDaoH2:109 - El Turno con el id 1 fue buscado en la base de datos en el metodo Buscar
  2022-04-02 14:35:38 INFO  TurnoDaoH2:110 - Se cierra la conexion a la base de datos
  2022-04-02 14:37:05 INFO  OdontologoDaoH2:26 - Se crea una conexion a la base de datos en el metodo Guardar
  2022-04-02 14:37:05 INFO  OdontologoDaoH2:38 - El odontologo con el id 2 fue guardado en la base de datos
  2022-04-02 14:37:05 INFO  OdontologoDaoH2:39 - Se cierra la conexion a la base de datos en el metodo Guardar
  2022-04-02 14:37:05 INFO  PacienteDaoH2:35 - Se crea una conexion a la base de datos en el metodo Guardar
  2022-04-02 14:37:05 INFO  DomicilioDaoH2:27 - Se crea una conexion a la base de datos en el metodo Guardar
  2022-04-02 14:37:05 INFO  DomicilioDaoH2:40 - El domicilio con el id 2 fue guardado en la base de datos
  2022-04-02 14:37:05 INFO  DomicilioDaoH2:41 - Se cierra la conexion a la base de datos en el metodo Guardar
  2022-04-02 14:37:05 INFO  PacienteDaoH2:56 - El paciente con el id 2 fue guardado en la base de datos
  2022-04-02 14:37:05 INFO  PacienteDaoH2:57 - Se cierra la conexion a la base de datos en el metodo Guardar
  2022-04-02 14:37:05 INFO  TurnoDaoH2:31 - Se crea una conexion a la base de datos en el metodo Guardar
  2022-04-02 14:37:05 INFO  TurnoDaoH2:43 - El turno con el id 2 fue guardado en la base de datos
  2022-04-02 14:37:05 INFO  TurnoDaoH2:44 - Se cierra la conexion a la base de datos en el metodo Guardar
  2022-04-02 14:37:05 INFO  TurnoDaoH2:93 - Se crea una conexion a la base de datos en el metodo Buscar
  2022-04-02 14:37:05 INFO  TurnoDaoH2:109 - El Turno con el id 1 fue buscado en la base de datos en el metodo Buscar
  2022-04-02 14:37:05 INFO  TurnoDaoH2:110 - Se cierra la conexion a la base de datos
  2022-04-02 14:37:26 INFO  OdontologoDaoH2:26 - Se crea una conexion a la base de datos en el metodo Guardar
  2022-04-02 14:37:26 INFO  OdontologoDaoH2:38 - El odontologo con el id 3 fue guardado en la base de datos
  2022-04-02 14:37:26 INFO  OdontologoDaoH2:39 - Se cierra la conexion a la base de datos en el metodo Guardar
  2022-04-02 14:37:26 INFO  PacienteDaoH2:35 - Se crea una conexion a la base de datos en el metodo Guardar
  2022-04-02 14:37:26 INFO  DomicilioDaoH2:27 - Se crea una conexion a la base de datos en el metodo Guardar
  2022-04-02 14:37:26 INFO  DomicilioDaoH2:40 - El domicilio con el id 3 fue guardado en la base de datos
  2022-04-02 14:37:26 INFO  DomicilioDaoH2:41 - Se cierra la conexion a la base de datos en el metodo Guardar
  2022-04-02 14:37:26 INFO  PacienteDaoH2:56 - El paciente con el id 3 fue guardado en la base de datos
  2022-04-02 14:37:26 INFO  PacienteDaoH2:57 - Se cierra la conexion a la base de datos en el metodo Guardar
  2022-04-02 14:37:26 INFO  TurnoDaoH2:31 - Se crea una conexion a la base de datos en el metodo Guardar
  2022-04-02 14:37:26 INFO  TurnoDaoH2:43 - El turno con el id 3 fue guardado en la base de datos
  2022-04-02 14:37:26 INFO  TurnoDaoH2:44 - Se cierra la conexion a la base de datos en el metodo Guardar
  2022-04-02 14:37:26 INFO  TurnoDaoH2:93 - Se crea una conexion a la base de datos en el metodo Buscar
  2022-04-02 14:37:26 INFO  TurnoDaoH2:109 - El Turno con el id 1 fue buscado en la base de datos en el metodo Buscar
  2022-04-02 14:37:26 INFO  TurnoDaoH2:110 - Se cierra la conexion a la base de datos
  2022-04-03 06:52:06 INFO  OdontologoDaoH2:26 - Se crea una conexion a la base de datos en el metodo Guardar
  2022-04-03 06:52:06 INFO  OdontologoDaoH2:38 - El odontologo con el id 2 fue guardado en la base de datos
  2022-04-03 06:52:06 INFO  OdontologoDaoH2:39 - Se cierra la conexion a la base de datos en el metodo Guardar
  2022-04-03 06:52:06 INFO  PacienteDaoH2:35 - Se crea una conexion a la base de datos en el metodo Guardar
  2022-04-03 06:52:06 INFO  DomicilioDaoH2:27 - Se crea una conexion a la base de datos en el metodo Guardar
  2022-04-03 06:52:06 INFO  DomicilioDaoH2:40 - El domicilio con el id 2 fue guardado en la base de datos
  2022-04-03 06:52:06 INFO  DomicilioDaoH2:41 - Se cierra la conexion a la base de datos en el metodo Guardar
  2022-04-03 06:52:06 INFO  PacienteDaoH2:56 - El paciente con el id 2 fue guardado en la base de datos
  2022-04-03 06:52:06 INFO  PacienteDaoH2:57 - Se cierra la conexion a la base de datos en el metodo Guardar
  2022-04-03 06:52:06 INFO  TurnoDaoH2:31 - Se crea una conexion a la base de datos en el metodo Guardar
  2022-04-03 06:52:06 INFO  TurnoDaoH2:43 - El turno con el id 6 fue guardado en la base de datos
  2022-04-03 06:52:06 INFO  TurnoDaoH2:44 - Se cierra la conexion a la base de datos en el metodo Guardar
  2022-04-03 06:52:06 INFO  TurnoDaoH2:93 - Se crea una conexion a la base de datos en el metodo Buscar
  2022-04-03 06:52:06 INFO  TurnoDaoH2:109 - El Turno con el id 1 fue buscado en la base de datos en el metodo Buscar
  2022-04-03 06:52:06 INFO  TurnoDaoH2:110 - Se cierra la conexion a la base de datos
  